<?xml version="1.0" encoding="UTF-8"?>
<!-- Generated by org.testng.reporters.JUnitReportReporter -->
<testsuite hostname="LAPTOP-R3PT1FR0" failures="0" tests="3" name="Testcases.TestModule1" time="0.000" errors="0" timestamp="2024-07-16T20:25:24 IST" skipped="0">
  <testcase classname="Testcases.TestModule1" name="Testcase1" time="0.000"/>
  <testcase classname="Testcases.TestModule1" name="Testcase2" time="0.000"/>
  <testcase classname="Testcases.TestModule1" name="Testcase3" time="0.000"/>
</testsuite> <!-- Testcases.TestModule1 -->
